[debug] [2021-10-23T18:59:16.342Z] ----------------------------------------------------------------------
[debug] [2021-10-23T18:59:16.344Z] Command:       C:\Program Files\nodejs\node.exe C:\Users\hank2\AppData\Roaming\npm\node_modules\firebase-tools\lib\bin\firebase.js init hosting
[debug] [2021-10-23T18:59:16.344Z] CLI Version:   9.21.0
[debug] [2021-10-23T18:59:16.344Z] Platform:      win32
[debug] [2021-10-23T18:59:16.345Z] Node Version:  v14.17.6
[debug] [2021-10-23T18:59:16.345Z] Time:          Sat Oct 23 2021 14:59:16 GMT-0400 (Eastern Daylight Time)
[debug] [2021-10-23T18:59:16.345Z] ----------------------------------------------------------------------
[debug] 
[debug] [2021-10-23T18:59:16.351Z] > command requires scopes: ["email","openid","https://www.googleapis.com/auth/cloudplatformprojects.readonly","https://www.googleapis.com/auth/firebase","https://www.googleapis.com/auth/cloud-platform"]
[debug] [2021-10-23T18:59:16.351Z] > authorizing via signed-in user (hank2000224@gmail.com)
[info] 
     ######## #### ########  ######## ########     ###     ######  ########
     ##        ##  ##     ## ##       ##     ##  ##   ##  ##       ##
     ######    ##  ########  ######   ########  #########  ######  ######
     ##        ##  ##    ##  ##       ##     ## ##     ##       ## ##
     ##       #### ##     ## ######## ########  ##     ##  ######  ########

You're about to initialize a Firebase project in this directory:

  C:\Users\hank2\OneDrive\Documents\GitHub\Carts.com

[info] 
=== Project Setup
[info] 
[info] First, let's associate this project directory with a Firebase project.
[info] You can create multiple project aliases by running firebase use --add, 
[info] but for now we'll just set up a default project.
[info] 
